Array
(
    [type] => message
    [replyToken] => 48c4c099239f4331959378d4d261795e
    [source] => Array
        (
            [userId] => Udc99ef85a798984f3729c94b9a912a78
            [type] => user
        )

    [timestamp] => 1613553337777
    [mode] => active
    [message] => Array
        (
            [type] => text
            [id] => 13572779527242
            [text] => あさ
        )

)

Array
(
    [type] => message
    [replyToken] => a806cf4663cb4b1d8ce0430623a7282d
    [source] => Array
        (
            [userId] => Udc99ef85a798984f3729c94b9a912a78
            [type] => user
        )

    [timestamp] => 1613553342206
    [mode] => active
    [message] => Array
        (
            [type] => text
            [id] => 13572779895618
            [text] => 予定
        )

)

Array
(
    [type] => message
    [replyToken] => 597217e91cd54823b221c76bec915e1f
    [source] => Array
        (
            [userId] => Udc99ef85a798984f3729c94b9a912a78
            [type] => user
        )

    [timestamp] => 1613553343700
    [mode] => active
    [message] => Array
        (
            [type] => text
            [id] => 13572780018394
            [text] => 今日の予定
        )

)

Array
(
    [type] => message
    [replyToken] => e73fb533efcc4c2797454dd48e35722a
    [source] => Array
        (
            [userId] => Udc99ef85a798984f3729c94b9a912a78
            [type] => user
        )

    [timestamp] => 1613553346557
    [mode] => active
    [message] => Array
        (
            [type] => text
            [id] => 13572780252279
            [text] => 今日の天気
        )

)

Array
(
    [type] => message
    [replyToken] => 80a4ccac518346dc8713cb41ef6ba8bb
    [source] => Array
        (
            [userId] => Udc99ef85a798984f3729c94b9a912a78
            [type] => user
        )

    [timestamp] => 1613553350057
    [mode] => active
    [message] => Array
        (
            [type] => text
            [id] => 13572780534743
            [text] => 今日の筋トレ
        )

)

Array
(
    [type] => message
    [replyToken] => 337aed9660854242988afb18f39c7217
    [source] => Array
        (
            [userId] => Udc99ef85a798984f3729c94b9a912a78
            [type] => user
        )

    [timestamp] => 1613553425861
    [mode] => active
    [message] => Array
        (
            [type] => text
            [id] => 13572786753258
            [text] => 今日の筋トレ
        )

)

Array
(
    [type] => message
    [replyToken] => 37336b36493b40e8bc654ff778d772a9
    [source] => Array
        (
            [userId] => Udc99ef85a798984f3729c94b9a912a78
            [type] => user
        )

    [timestamp] => 1613553427396
    [mode] => active
    [message] => Array
        (
            [type] => text
            [id] => 13572786880168
            [text] => 脚トレ動画
        )

)

Array
(
    [type] => message
    [replyToken] => d241522a6e8442d79e8f38d8f8a8ee26
    [source] => Array
        (
            [userId] => Udc99ef85a798984f3729c94b9a912a78
            [type] => user
        )

    [timestamp] => 1613553561386
    [mode] => active
    [message] => Array
        (
            [type] => text
            [id] => 13572797851727
            [text] => 会議
        )

)

Array
(
    [type] => message
    [replyToken] => cf883ff8b7864e698517c992969a99bc
    [source] => Array
        (
            [userId] => Udc99ef85a798984f3729c94b9a912a78
            [type] => user
        )

    [timestamp] => 1613553563125
    [mode] => active
    [message] => Array
        (
            [type] => text
            [id] => 13572798000617
            [text] => 今すぐ開始
        )

)

Array
(
    [type] => message
    [replyToken] => 8a4993f42be94367ac34ffbc3a4088d0
    [source] => Array
        (
            [userId] => Udc99ef85a798984f3729c94b9a912a78
            [type] => user
        )

    [timestamp] => 1613553735508
    [mode] => active
    [message] => Array
        (
            [type] => text
            [id] => 13572812141948
            [text] => 会議
        )

)

Array
(
    [type] => postback
    [replyToken] => f5d64dcad9ab498b944d81383a7e4b80
    [source] => Array
        (
            [userId] => Udc99ef85a798984f3729c94b9a912a78
            [type] => user
        )

    [timestamp] => 1613553740370
    [mode] => active
    [postback] => Array
        (
            [data] => dataId=12345
            [params] => Array
                (
                    [datetime] => 2021-02-17T20:22
                )

        )

)

Array
(
    [type] => message
    [replyToken] => e5afd0d593994794ae6bda84466306ef
    [source] => Array
        (
            [userId] => Udc99ef85a798984f3729c94b9a912a78
            [type] => user
        )

    [timestamp] => 1614749696100
    [mode] => active
    [message] => Array
        (
            [type] => text
            [id] => 13651231727577
            [text] => 今日の天気
        )

)

Array
(
    [type] => message
    [replyToken] => 3bc835d1fd8640a7ac08e62d0523be3e
    [source] => Array
        (
            [userId] => Udc99ef85a798984f3729c94b9a912a78
            [type] => user
        )

    [timestamp] => 1614749698493
    [mode] => active
    [message] => Array
        (
            [type] => text
            [id] => 13651231897942
            [text] => 予定
        )

)

Array
(
    [type] => message
    [replyToken] => 96c3cf7641814bd397702ef7711d5b15
    [source] => Array
        (
            [userId] => Udc99ef85a798984f3729c94b9a912a78
            [type] => user
        )

    [timestamp] => 1614749700111
    [mode] => active
    [message] => Array
        (
            [type] => text
            [id] => 13651232016401
            [text] => 今日の筋トレ
        )

)

Array
(
    [type] => message
    [replyToken] => 48b99ba389484ed0b05ad400ce928c5f
    [source] => Array
        (
            [userId] => Udc99ef85a798984f3729c94b9a912a78
            [type] => user
        )

    [timestamp] => 1614749701630
    [mode] => active
    [message] => Array
        (
            [type] => text
            [id] => 13651232114233
            [text] => 脚トレ動画
        )

)

Array
(
    [type] => message
    [replyToken] => f28964315c9342cfbfe4490968f10fc0
    [source] => Array
        (
            [userId] => Udc99ef85a798984f3729c94b9a912a78
            [type] => user
        )

    [timestamp] => 1615335707346
    [mode] => active
    [message] => Array
        (
            [type] => text
            [id] => 13689788942536
            [text] => あか
        )

)

Array
(
    [type] => message
    [replyToken] => 345ae3f50d87484e95be180e7ebf54e8
    [source] => Array
        (
            [userId] => Udc99ef85a798984f3729c94b9a912a78
            [type] => user
        )

    [timestamp] => 1615335748339
    [mode] => active
    [message] => Array
        (
            [type] => text
            [id] => 13689791535793
            [text] => かな
        )

)

Array
(
    [type] => message
    [replyToken] => d57c67b89231430f9cf260bda4dd89eb
    [source] => Array
        (
            [userId] => Udc99ef85a798984f3729c94b9a912a78
            [type] => user
        )

    [timestamp] => 1615335823386
    [mode] => active
    [message] => Array
        (
            [type] => text
            [id] => 13689796308610
            [text] => は
        )

)

Array
(
    [type] => message
    [replyToken] => 1c56a934387549b0b210a53cbe64f1a0
    [source] => Array
        (
            [userId] => Udc99ef85a798984f3729c94b9a912a78
            [type] => user
        )

    [timestamp] => 1615336034111
    [mode] => active
    [message] => Array
        (
            [type] => location
            [id] => 13689809657935
            [address] => 日本、〒531-0074 大阪府大阪市北区本庄東２丁目１３−１９
            [latitude] => 34.712604861498
            [longitude] => 135.5071095997
        )

)

Array
(
    [type] => message
    [replyToken] => eaac130394c04ed59525efd5fe733a6c
    [source] => Array
        (
            [userId] => Udc99ef85a798984f3729c94b9a912a78
            [type] => user
        )

    [timestamp] => 1615336090588
    [mode] => active
    [message] => Array
        (
            [type] => location
            [id] => 13689813258299
            [address] => 日本、〒531-0074 大阪府大阪市北区本庄東２丁目１３−１９
            [latitude] => 34.712587500045
            [longitude] => 135.5071192925
        )

)

Array
(
    [type] => message
    [replyToken] => ebfe9183868c47608909449941aa2604
    [source] => Array
        (
            [userId] => Udc99ef85a798984f3729c94b9a912a78
            [type] => user
        )

    [timestamp] => 1615336150027
    [mode] => active
    [message] => Array
        (
            [type] => text
            [id] => 13689817034129
            [text] => かな
        )

)

Array
(
    [type] => message
    [replyToken] => ebfe9183868c47608909449941aa2604
    [source] => Array
        (
            [userId] => Udc99ef85a798984f3729c94b9a912a78
            [type] => user
        )

    [timestamp] => 1615336150027
    [mode] => active
    [message] => Array
        (
            [type] => text
            [id] => 13689817034129
            [text] => かな
        )

)

Array
(
    [type] => message
    [replyToken] => 34ef05a07cf543ac8214495c3e6de0b5
    [source] => Array
        (
            [userId] => Udc99ef85a798984f3729c94b9a912a78
            [type] => user
        )

    [timestamp] => 1615336261811
    [mode] => active
    [message] => Array
        (
            [type] => text
            [id] => 13689824223589
            [text] => あか
        )

)

Array
(
    [type] => message
    [replyToken] => 34ef05a07cf543ac8214495c3e6de0b5
    [source] => Array
        (
            [userId] => Udc99ef85a798984f3729c94b9a912a78
            [type] => user
        )

    [timestamp] => 1615336261811
    [mode] => active
    [message] => Array
        (
            [type] => text
            [id] => 13689824223589
            [text] => あか
        )

)

Array
(
    [type] => message
    [replyToken] => 339d01b87b274e6295b041d73947d597
    [source] => Array
        (
            [userId] => Udc99ef85a798984f3729c94b9a912a78
            [type] => user
        )

    [timestamp] => 1615336269771
    [mode] => active
    [message] => Array
        (
            [type] => text
            [id] => 13689824737155
            [text] => かな
        )

)

Array
(
    [type] => message
    [replyToken] => 339d01b87b274e6295b041d73947d597
    [source] => Array
        (
            [userId] => Udc99ef85a798984f3729c94b9a912a78
            [type] => user
        )

    [timestamp] => 1615336269771
    [mode] => active
    [message] => Array
        (
            [type] => text
            [id] => 13689824737155
            [text] => かな
        )

)

Array
(
    [type] => message
    [replyToken] => b4e87e1f0cff4271b87839047046f632
    [source] => Array
        (
            [userId] => Udc99ef85a798984f3729c94b9a912a78
            [type] => user
        )

    [timestamp] => 1615336277881
    [mode] => active
    [message] => Array
        (
            [type] => location
            [id] => 13689825251844
            [address] => 日本、〒533-0033 大阪府大阪市東淀川区東中島２丁目９−５
            [latitude] => 34.728737349017
            [longitude] => 135.50366152078
        )

)

Array
(
    [type] => message
    [replyToken] => 02265f4556ea48d8a43a71a81ce6a3b6
    [source] => Array
        (
            [userId] => Udc99ef85a798984f3729c94b9a912a78
            [type] => user
        )

    [timestamp] => 1615336282701
    [mode] => active
    [message] => Array
        (
            [type] => text
            [id] => 13689825567516
            [text] => 今日の天気
        )

)

Array
(
    [type] => message
    [replyToken] => 02265f4556ea48d8a43a71a81ce6a3b6
    [source] => Array
        (
            [userId] => Udc99ef85a798984f3729c94b9a912a78
            [type] => user
        )

    [timestamp] => 1615336282701
    [mode] => active
    [message] => Array
        (
            [type] => text
            [id] => 13689825567516
            [text] => 今日の天気
        )

)

Array
(
    [type] => message
    [replyToken] => 2ca9c8cdd4f4410dab7161908404e0b7
    [source] => Array
        (
            [userId] => Udc99ef85a798984f3729c94b9a912a78
            [type] => user
        )

    [timestamp] => 1615336605769
    [mode] => active
    [message] => Array
        (
            [type] => text
            [id] => 13689846235754
            [text] => 今日の天気
        )

)

Array
(
    [type] => message
    [replyToken] => 2ca9c8cdd4f4410dab7161908404e0b7
    [source] => Array
        (
            [userId] => Udc99ef85a798984f3729c94b9a912a78
            [type] => user
        )

    [timestamp] => 1615336605769
    [mode] => active
    [message] => Array
        (
            [type] => text
            [id] => 13689846235754
            [text] => 今日の天気
        )

)

Array
(
    [type] => message
    [replyToken] => 5b908ece3e1f4fa780a852bfc8776c1c
    [source] => Array
        (
            [userId] => Udc99ef85a798984f3729c94b9a912a78
            [type] => user
        )

    [timestamp] => 1615336605910
    [mode] => active
    [message] => Array
        (
            [type] => text
            [id] => 13689846239613
            [text] => 今日の天気
        )

)

Array
(
    [type] => message
    [replyToken] => 5b908ece3e1f4fa780a852bfc8776c1c
    [source] => Array
        (
            [userId] => Udc99ef85a798984f3729c94b9a912a78
            [type] => user
        )

    [timestamp] => 1615336605910
    [mode] => active
    [message] => Array
        (
            [type] => text
            [id] => 13689846239613
            [text] => 今日の天気
        )

)

Array
(
    [type] => message
    [replyToken] => d046760163714a3b8603b681df010684
    [source] => Array
        (
            [userId] => Udc99ef85a798984f3729c94b9a912a78
            [type] => user
        )

    [timestamp] => 1615336608719
    [mode] => active
    [message] => Array
        (
            [type] => text
            [id] => 13689846419020
            [text] => 今日の筋トレ
        )

)

Array
(
    [type] => message
    [replyToken] => d046760163714a3b8603b681df010684
    [source] => Array
        (
            [userId] => Udc99ef85a798984f3729c94b9a912a78
            [type] => user
        )

    [timestamp] => 1615336608719
    [mode] => active
    [message] => Array
        (
            [type] => text
            [id] => 13689846419020
            [text] => 今日の筋トレ
        )

)

Array
(
    [type] => message
    [replyToken] => 147d99393d274b1d80bb0297dfa49824
    [source] => Array
        (
            [userId] => Udc99ef85a798984f3729c94b9a912a78
            [type] => user
        )

    [timestamp] => 1615337582629
    [mode] => active
    [message] => Array
        (
            [type] => text
            [id] => 13689908974627
            [text] => か
        )

)

Array
(
    [type] => message
    [replyToken] => 147d99393d274b1d80bb0297dfa49824
    [source] => Array
        (
            [userId] => Udc99ef85a798984f3729c94b9a912a78
            [type] => user
        )

    [timestamp] => 1615337582629
    [mode] => active
    [message] => Array
        (
            [type] => text
            [id] => 13689908974627
            [text] => か
        )

)

Array
(
    [type] => message
    [replyToken] => eaa0d462751d4a1da7bb9629aea92a12
    [source] => Array
        (
            [userId] => Udc99ef85a798984f3729c94b9a912a78
            [type] => user
        )

    [timestamp] => 1615337586425
    [mode] => active
    [message] => Array
        (
            [type] => text
            [id] => 13689909225476
            [text] => 今日の筋トレ
        )

)

Array
(
    [type] => message
    [replyToken] => eaa0d462751d4a1da7bb9629aea92a12
    [source] => Array
        (
            [userId] => Udc99ef85a798984f3729c94b9a912a78
            [type] => user
        )

    [timestamp] => 1615337586425
    [mode] => active
    [message] => Array
        (
            [type] => text
            [id] => 13689909225476
            [text] => 今日の筋トレ
        )

)

Array
(
    [type] => message
    [replyToken] => 649ced64c2ee430bac8144968f7e244f
    [source] => Array
        (
            [userId] => Udc99ef85a798984f3729c94b9a912a78
            [type] => user
        )

    [timestamp] => 1615337598648
    [mode] => active
    [message] => Array
        (
            [type] => text
            [id] => 13689910022063
            [text] => 今日の筋トレ
        )

)

Array
(
    [type] => message
    [replyToken] => 649ced64c2ee430bac8144968f7e244f
    [source] => Array
        (
            [userId] => Udc99ef85a798984f3729c94b9a912a78
            [type] => user
        )

    [timestamp] => 1615337598648
    [mode] => active
    [message] => Array
        (
            [type] => text
            [id] => 13689910022063
            [text] => 今日の筋トレ
        )

)

Array
(
    [type] => message
    [replyToken] => 18fb3b1b47aa45eab94b28d00a894cc6
    [source] => Array
        (
            [userId] => Udc99ef85a798984f3729c94b9a912a78
            [type] => user
        )

    [timestamp] => 1615339288546
    [mode] => active
    [message] => Array
        (
            [type] => text
            [id] => 13690023028921
            [text] => 今日の筋トレ
        )

)

Array
(
    [type] => message
    [replyToken] => 18fb3b1b47aa45eab94b28d00a894cc6
    [source] => Array
        (
            [userId] => Udc99ef85a798984f3729c94b9a912a78
            [type] => user
        )

    [timestamp] => 1615339288546
    [mode] => active
    [message] => Array
        (
            [type] => text
            [id] => 13690023028921
            [text] => 今日の筋トレ
        )

)

Array
(
    [type] => message
    [replyToken] => 9e6cc9db6d3e4b02aaf9a7b0503ab387
    [source] => Array
        (
            [userId] => Udc99ef85a798984f3729c94b9a912a78
            [type] => user
        )

    [timestamp] => 1615339290934
    [mode] => active
    [message] => Array
        (
            [type] => text
            [id] => 13690023190371
            [text] => 背中トレ動画
        )

)

Array
(
    [type] => message
    [replyToken] => 9e6cc9db6d3e4b02aaf9a7b0503ab387
    [source] => Array
        (
            [userId] => Udc99ef85a798984f3729c94b9a912a78
            [type] => user
        )

    [timestamp] => 1615339290934
    [mode] => active
    [message] => Array
        (
            [type] => text
            [id] => 13690023190371
            [text] => 背中トレ動画
        )

)

Array
(
    [type] => message
    [replyToken] => 82287c9ac3a6434099b13e7f9639396f
    [source] => Array
        (
            [userId] => Udc99ef85a798984f3729c94b9a912a78
            [type] => user
        )

    [timestamp] => 1615352432230
    [mode] => active
    [message] => Array
        (
            [type] => text
            [id] => 13691003024509
            [text] => 今日の天気
        )

)

Array
(
    [type] => message
    [replyToken] => 82287c9ac3a6434099b13e7f9639396f
    [source] => Array
        (
            [userId] => Udc99ef85a798984f3729c94b9a912a78
            [type] => user
        )

    [timestamp] => 1615352432230
    [mode] => active
    [message] => Array
        (
            [type] => text
            [id] => 13691003024509
            [text] => 今日の天気
        )

)

Array
(
    [type] => message
    [replyToken] => 2a8c42a2d1b247068d2fef5c407d228d
    [source] => Array
        (
            [userId] => Udc99ef85a798984f3729c94b9a912a78
            [type] => user
        )

    [timestamp] => 1615352435540
    [mode] => active
    [message] => Array
        (
            [type] => text
            [id] => 13691003254233
            [text] => 会議
        )

)

Array
(
    [type] => message
    [replyToken] => 2a8c42a2d1b247068d2fef5c407d228d
    [source] => Array
        (
            [userId] => Udc99ef85a798984f3729c94b9a912a78
            [type] => user
        )

    [timestamp] => 1615352435540
    [mode] => active
    [message] => Array
        (
            [type] => text
            [id] => 13691003254233
            [text] => 会議
        )

)

Array
(
    [type] => message
    [replyToken] => 4dccf67d4b9943e3abca88d24d920a54
    [source] => Array
        (
            [userId] => Udc99ef85a798984f3729c94b9a912a78
            [type] => user
        )

    [timestamp] => 1615352464716
    [mode] => active
    [message] => Array
        (
            [type] => text
            [id] => 13691005344505
            [text] => 今すぐ開始
        )

)

Array
(
    [type] => message
    [replyToken] => 4dccf67d4b9943e3abca88d24d920a54
    [source] => Array
        (
            [userId] => Udc99ef85a798984f3729c94b9a912a78
            [type] => user
        )

    [timestamp] => 1615352464716
    [mode] => active
    [message] => Array
        (
            [type] => text
            [id] => 13691005344505
            [text] => 今すぐ開始
        )

)

Array
(
    [type] => message
    [replyToken] => abc97b05754f4c0984475d25ee5e5522
    [source] => Array
        (
            [userId] => Udc99ef85a798984f3729c94b9a912a78
            [type] => user
        )

    [timestamp] => 1615352634736
    [mode] => active
    [message] => Array
        (
            [type] => text
            [id] => 13691017522213
            [text] => 今すぐ開始
        )

)

Array
(
    [type] => message
    [replyToken] => abc97b05754f4c0984475d25ee5e5522
    [source] => Array
        (
            [userId] => Udc99ef85a798984f3729c94b9a912a78
            [type] => user
        )

    [timestamp] => 1615352634736
    [mode] => active
    [message] => Array
        (
            [type] => text
            [id] => 13691017522213
            [text] => 今すぐ開始
        )

)

Array
(
    [type] => message
    [replyToken] => cff41b389ead4658b22af85c418098ef
    [source] => Array
        (
            [userId] => Udc99ef85a798984f3729c94b9a912a78
            [type] => user
        )

    [timestamp] => 1615352682125
    [mode] => active
    [message] => Array
        (
            [type] => text
            [id] => 13691020909842
            [text] => 会議
        )

)

Array
(
    [type] => message
    [replyToken] => cff41b389ead4658b22af85c418098ef
    [source] => Array
        (
            [userId] => Udc99ef85a798984f3729c94b9a912a78
            [type] => user
        )

    [timestamp] => 1615352682125
    [mode] => active
    [message] => Array
        (
            [type] => text
            [id] => 13691020909842
            [text] => 会議
        )

)

Array
(
    [type] => postback
    [replyToken] => a9c7a868616c4219ad6451e6b7a03937
    [source] => Array
        (
            [userId] => Udc99ef85a798984f3729c94b9a912a78
            [type] => user
        )

    [timestamp] => 1615352692435
    [mode] => active
    [postback] => Array
        (
            [data] => dataId=12345
            [params] => Array
                (
                    [datetime] => 2021-03-10T15:00
                )

        )

)

Array
(
    [type] => message
    [replyToken] => c9e2992439d34e608e20c1066c0818ea
    [source] => Array
        (
            [userId] => Udc99ef85a798984f3729c94b9a912a78
            [type] => user
        )

    [timestamp] => 1615352710421
    [mode] => active
    [message] => Array
        (
            [type] => text
            [id] => 13691022923355
            [text] => 今すぐ開始
        )

)

Array
(
    [type] => message
    [replyToken] => c9e2992439d34e608e20c1066c0818ea
    [source] => Array
        (
            [userId] => Udc99ef85a798984f3729c94b9a912a78
            [type] => user
        )

    [timestamp] => 1615352710421
    [mode] => active
    [message] => Array
        (
            [type] => text
            [id] => 13691022923355
            [text] => 今すぐ開始
        )

)

Array
(
    [type] => message
    [replyToken] => 0292ed76cdd044679bf5ef4d8246e5d2
    [source] => Array
        (
            [userId] => Udc99ef85a798984f3729c94b9a912a78
            [type] => user
        )

    [timestamp] => 1615352769401
    [mode] => active
    [message] => Array
        (
            [type] => text
            [id] => 13691027135503
            [text] => 予定
        )

)

Array
(
    [type] => message
    [replyToken] => 0292ed76cdd044679bf5ef4d8246e5d2
    [source] => Array
        (
            [userId] => Udc99ef85a798984f3729c94b9a912a78
            [type] => user
        )

    [timestamp] => 1615352769401
    [mode] => active
    [message] => Array
        (
            [type] => text
            [id] => 13691027135503
            [text] => 予定
        )

)

Array
(
    [type] => message
    [replyToken] => 5daf74414ca743749eb78a50fe805fdd
    [source] => Array
        (
            [userId] => Udc99ef85a798984f3729c94b9a912a78
            [type] => user
        )

    [timestamp] => 1615352770962
    [mode] => active
    [message] => Array
        (
            [type] => text
            [id] => 13691027247998
            [text] => 今日の予定
        )

)

Array
(
    [type] => message
    [replyToken] => 5daf74414ca743749eb78a50fe805fdd
    [source] => Array
        (
            [userId] => Udc99ef85a798984f3729c94b9a912a78
            [type] => user
        )

    [timestamp] => 1615352770962
    [mode] => active
    [message] => Array
        (
            [type] => text
            [id] => 13691027247998
            [text] => 今日の予定
        )

)

Array
(
    [type] => postback
    [replyToken] => 27893793fcfd4e94b5475b5377e9f580
    [source] => Array
        (
            [userId] => Udc99ef85a798984f3729c94b9a912a78
            [type] => user
        )

    [timestamp] => 1615352776831
    [mode] => active
    [postback] => Array
        (
            [data] => dataId=AnotherdayPlan
            [params] => Array
                (
                    [datetime] => 2021-03-11T14:06
                )

        )

)

Array
(
    [type] => postback
    [replyToken] => 68c483efbdea412fbfab1dc89bd05332
    [source] => Array
        (
            [userId] => Udc99ef85a798984f3729c94b9a912a78
            [type] => user
        )

    [timestamp] => 1615353143877
    [mode] => active
    [postback] => Array
        (
            [data] => dataId=AnotherdayPlan
            [params] => Array
                (
                    [datetime] => 2021-03-11T14:06
                )

        )

)

Array
(
    [type] => message
    [replyToken] => 2f481be7ce374220bcbbf3c892c9100f
    [source] => Array
        (
            [userId] => Udc99ef85a798984f3729c94b9a912a78
            [type] => user
        )

    [timestamp] => 1615353161274
    [mode] => active
    [message] => Array
        (
            [type] => text
            [id] => 13691054795483
            [text] => 予定
        )

)

Array
(
    [type] => postback
    [replyToken] => d191e4e94a584b33b9abf3d550360332
    [source] => Array
        (
            [userId] => Udc99ef85a798984f3729c94b9a912a78
            [type] => user
        )

    [timestamp] => 1615353165252
    [mode] => active
    [postback] => Array
        (
            [data] => dataId=AnotherdayPlan
            [params] => Array
                (
                    [datetime] => 2021-03-13T14:12
                )

        )

)

Array
(
    [type] => message
    [replyToken] => dc9af6dccc2143af91cac7b9757e5137
    [source] => Array
        (
            [userId] => Udc99ef85a798984f3729c94b9a912a78
            [type] => user
        )

    [timestamp] => 1615353216293
    [mode] => active
    [message] => Array
        (
            [type] => location
            [id] => 13691058665830
            [address] => 日本、〒531-0074 大阪府大阪市北区本庄東２丁目１３−１９
            [latitude] => 34.712606240776
            [longitude] => 135.50713191963
        )

)

Array
(
    [type] => message
    [replyToken] => 4b25ab8bcbe04cee8346b5978b86f98d
    [source] => Array
        (
            [userId] => Udc99ef85a798984f3729c94b9a912a78
            [type] => user
        )

    [timestamp] => 1615353391030
    [mode] => active
    [message] => Array
        (
            [type] => text
            [id] => 13691070928167
            [text] => 会議
        )

)

Array
(
    [type] => postback
    [replyToken] => dfd267426ff842ee8cee465c1048ebea
    [source] => Array
        (
            [userId] => Udc99ef85a798984f3729c94b9a912a78
            [type] => user
        )

    [timestamp] => 1615353397386
    [mode] => active
    [postback] => Array
        (
            [data] => dataId=12345
            [params] => Array
                (
                    [datetime] => 2021-03-12T12:12
                )

        )

)

Array
(
    [type] => message
    [replyToken] => 2433df4a2dee4ae198f4f20411ce3756
    [source] => Array
        (
            [userId] => Udc99ef85a798984f3729c94b9a912a78
            [type] => user
        )

    [timestamp] => 1615355300881
    [mode] => active
    [message] => Array
        (
            [type] => text
            [id] => 13691204355131
            [text] => 予定
        )

)

Array
(
    [type] => message
    [replyToken] => c9e6e9273fd04ebdafde5478e7b8977e
    [source] => Array
        (
            [userId] => Udc99ef85a798984f3729c94b9a912a78
            [type] => user
        )

    [timestamp] => 1615355304378
    [mode] => active
    [message] => Array
        (
            [type] => text
            [id] => 13691204600218
            [text] => 今日の予定
        )

)

Array
(
    [type] => postback
    [replyToken] => 20eb5a2d95604ac2bd8869f662357268
    [source] => Array
        (
            [userId] => Udc99ef85a798984f3729c94b9a912a78
            [type] => user
        )

    [timestamp] => 1615355312137
    [mode] => active
    [postback] => Array
        (
            [data] => dataId=AnotherdayPlan
            [params] => Array
                (
                    [datetime] => 2021-03-12T12:48
                )

        )

)

Array
(
    [type] => message
    [replyToken] => e5509f62ab0e439dba938b66e9ebde5c
    [source] => Array
        (
            [userId] => Udc99ef85a798984f3729c94b9a912a78
            [type] => user
        )

    [timestamp] => 1615355534143
    [mode] => active
    [message] => Array
        (
            [type] => text
            [id] => 13691220760318
            [text] => 今日の予定
        )

)

Array
(
    [type] => postback
    [replyToken] => ac8e0a05688a410faf692bc89e4adad9
    [source] => Array
        (
            [userId] => Udc99ef85a798984f3729c94b9a912a78
            [type] => user
        )

    [timestamp] => 1615355540482
    [mode] => active
    [postback] => Array
        (
            [data] => dataId=AnotherdayPlan
            [params] => Array
                (
                    [datetime] => 2021-03-12T14:48
                )

        )

)

Array
(
    [type] => message
    [replyToken] => 32a981a7849947dbaf0b3e94d1b9624f
    [source] => Array
        (
            [userId] => Udc99ef85a798984f3729c94b9a912a78
            [type] => user
        )

    [timestamp] => 1615355564834
    [mode] => active
    [message] => Array
        (
            [type] => text
            [id] => 13691222922419
            [text] => 会議
        )

)

Array
(
    [type] => postback
    [replyToken] => c4a11b3bff794b76ab031393af3afb6d
    [source] => Array
        (
            [userId] => Udc99ef85a798984f3729c94b9a912a78
            [type] => user
        )

    [timestamp] => 1615355575164
    [mode] => active
    [postback] => Array
        (
            [data] => dataId=12345
            [params] => Array
                (
                    [datetime] => 2021-03-15T15:00
                )

        )

)

Array
(
    [type] => message
    [replyToken] => 32c58a5ce6f049c9b766c44ee93f3db8
    [source] => Array
        (
            [userId] => Udc99ef85a798984f3729c94b9a912a78
            [type] => user
        )

    [timestamp] => 1615359196713
    [mode] => active
    [message] => Array
        (
            [type] => text
            [id] => 13691486285742
            [text] => 会議
        )

)

Array
(
    [type] => message
    [replyToken] => 6e83dbbd49e0408ead913108a23099e9
    [source] => Array
        (
            [userId] => Udc99ef85a798984f3729c94b9a912a78
            [type] => user
        )

    [timestamp] => 1615359198560
    [mode] => active
    [message] => Array
        (
            [type] => text
            [id] => 13691486417292
            [text] => 今すぐ開始
        )

)

Array
(
    [type] => message
    [replyToken] => b4aaa105c9574dacae844a83c00bb9d2
    [source] => Array
        (
            [userId] => Udc99ef85a798984f3729c94b9a912a78
            [type] => user
        )

    [timestamp] => 1615360746717
    [mode] => active
    [message] => Array
        (
            [type] => text
            [id] => 13691598279026
            [text] => 予定
        )

)

Array
(
    [type] => message
    [replyToken] => 16e996f7820e4389bc41e295381fe3a8
    [source] => Array
        (
            [userId] => Udc99ef85a798984f3729c94b9a912a78
            [type] => user
        )

    [timestamp] => 1615360748728
    [mode] => active
    [message] => Array
        (
            [type] => text
            [id] => 13691598418617
            [text] => 今日の予定
        )

)

Array
(
    [type] => postback
    [replyToken] => 1d7ad1c35afa49dbba8da5376abcb3f9
    [source] => Array
        (
            [userId] => Udc99ef85a798984f3729c94b9a912a78
            [type] => user
        )

    [timestamp] => 1615360754721
    [mode] => active
    [postback] => Array
        (
            [data] => dataId=AnotherdayPlan
            [params] => Array
                (
                    [datetime] => 2021-03-15T16:19
                )

        )

)

